Using pre-set license
Built from '2022.2/staging' branch; Version is '2022.2.11f1 (621cd60d08fd) revision 6429910'; Using compiler version '192829333'; Build Type 'Release'
OS: 'Windows 10  (10.0.19045) 64bit Core' Language: 'ru' Physical Memory: 8006 MB
BatchMode: 1, IsHumanControllingUs: 0, StartBugReporterOnCrash: 0, Is64bit: 1, IsPro: 1

COMMAND LINE ARGUMENTS:
C:\Program Files\Unity\Hub\Editor\2022.2.11f1\Editor\Unity.exe
-adb2
-batchMode
-noUpm
-name
AssetImportWorker1
-projectPath
C:/Users/тс/OneDrive/Документы/GitHub/Alien_shooter/Alien shooter
-logFile
Logs/AssetImportWorker1.log
-srvPort
59895
Successfully changed project path to: C:/Users/тс/OneDrive/Документы/GitHub/Alien_shooter/Alien shooter
C:/Users/тс/OneDrive/Документы/GitHub/Alien_shooter/Alien shooter
[UnityMemory] Configuration Parameters - Can be set up in boot.config
    "memorysetup-bucket-allocator-granularity=16"
    "memorysetup-bucket-allocator-bucket-count=8"
    "memorysetup-bucket-allocator-block-size=33554432"
    "memorysetup-bucket-allocator-block-count=8"
    "memorysetup-main-allocator-block-size=16777216"
    "memorysetup-thread-allocator-block-size=16777216"
    "memorysetup-gfx-main-allocator-block-size=16777216"
    "memorysetup-gfx-thread-allocator-block-size=16777216"
    "memorysetup-cache-allocator-block-size=4194304"
    "memorysetup-typetree-allocator-block-size=2097152"
    "memorysetup-profiler-bucket-allocator-granularity=16"
    "memorysetup-profiler-bucket-allocator-bucket-count=8"
    "memorysetup-profiler-bucket-allocator-block-size=33554432"
    "memorysetup-profiler-bucket-allocator-block-count=8"
    "memorysetup-profiler-allocator-block-size=16777216"
    "memorysetup-profiler-editor-allocator-block-size=1048576"
    "memorysetup-temp-allocator-size-main=16777216"
    "memorysetup-job-temp-allocator-block-size=2097152"
    "memorysetup-job-temp-allocator-block-size-background=1048576"
    "memorysetup-job-temp-allocator-reduction-small-platforms=262144"
    "memorysetup-temp-allocator-size-background-worker=32768"
    "memorysetup-temp-allocator-size-job-worker=262144"
    "memorysetup-temp-allocator-size-preload-manager=33554432"
    "memorysetup-temp-allocator-size-nav-mesh-worker=65536"
    "memorysetup-temp-allocator-size-audio-worker=65536"
    "memorysetup-temp-allocator-size-cloud-worker=32768"
    "memorysetup-temp-allocator-size-gi-baking-worker=262144"
    "memorysetup-temp-allocator-size-gfx=262144"
Player connection [34460] Host "[IP] 192.168.56.1 [Port] 0 [Flags] 2 [Guid] 3360361557 [EditorId] 3360361557 [Version] 1048832 [Id] WindowsEditor(7,LAPTOP-EUAGDS61) [Debug] 1 [PackageName] WindowsEditor [ProjectName] Editor" joined multi-casting on [225.0.0.222:54997]...

Player connection [34460] Host "[IP] 192.168.56.1 [Port] 0 [Flags] 2 [Guid] 3360361557 [EditorId] 3360361557 [Version] 1048832 [Id] WindowsEditor(7,LAPTOP-EUAGDS61) [Debug] 1 [PackageName] WindowsEditor [ProjectName] Editor" joined alternative multi-casting on [225.0.0.222:34997]...

Refreshing native plugins compatible for Editor in 154.91 ms, found 3 plugins.
Preloading 0 native plugins for Editor in 0.00 ms.
Initialize engine version: 2022.2.11f1 (621cd60d08fd)
[Subsystems] Discovering subsystems at path C:/Program Files/Unity/Hub/Editor/2022.2.11f1/Editor/Data/Resources/UnitySubsystems
[Subsystems] Discovering subsystems at path C:/Users/тс/OneDrive/Документы/GitHub/Alien_shooter/Alien shooter/Assets
GfxDevice: creating device client; threaded=0; jobified=0
Direct3D:
    Version:  Direct3D 11.0 [level 11.1]
    Renderer: NVIDIA GeForce MX250 (ID=0x1d13)
    Vendor:   NVIDIA
    VRAM:     1983 MB
    Driver:   30.0.15.1169
Initialize mono
Mono path[0] = 'C:/Program Files/Unity/Hub/Editor/2022.2.11f1/Editor/Data/Managed'
Mono path[1] = 'C:/Program Files/Unity/Hub/Editor/2022.2.11f1/Editor/Data/MonoBleedingEdge/lib/mono/unityjit-win32'
Mono config path = 'C:/Program Files/Unity/Hub/Editor/2022.2.11f1/Editor/Data/MonoBleedingEdge/etc'
Using monoOptions --debugger-agent=transport=dt_socket,embedding=1,server=y,suspend=n,address=127.0.0.1:56952
Begin MonoManager ReloadAssembly
Registering precompiled unity dll's ...
Register platform support module: C:/Program Files/Unity/Hub/Editor/2022.2.11f1/Editor/Data/PlaybackEngines/WebGLSupport/UnityEditor.WebGL.Extensions.dll
Register platform support module: C:/Program Files/Unity/Hub/Editor/2022.2.11f1/Editor/Data/PlaybackEngines/WindowsStandaloneSupport/UnityEditor.WindowsStandalone.Extensions.dll
Registered in 0.028182 seconds.
- Loaded All Assemblies, in  0.756 seconds
Native extension for WindowsStandalone target not found
Native extension for WebGL target not found
Mono: successfully reloaded assembly
- Finished resetting the current domain, in  0.525 seconds
Domain Reload Profiling:
	ReloadAssembly (468ms)
		BeginReloadAssembly (244ms)
			ExecutionOrderSort (0ms)
			DisableScriptedObjects (0ms)
			BackupInstance (0ms)
			ReleaseScriptingObjects (0ms)
			CreateAndSetChildDomain (1ms)
		LoadAllAssembliesAndSetupDomain (0ms)
			LoadAssemblies (238ms)
			RebuildTransferFunctionScriptingTraits (0ms)
			SetupTypeCache (268ms)
				TypeCache.Initialize (266ms)
					TypeCache.ScanAssembly (263ms)
				ResolveRequiredComponents (1ms)
		FinalizeReload (0ms)
			ReleaseScriptCaches (0ms)
			RebuildScriptCaches (0ms)
			SetupLoadedEditorAssemblies (413ms)
				LogAssemblyErrors (0ms)
				InitializePlatformSupportModulesInManaged (23ms)
				SetLoadedEditorAssemblies (10ms)
				RefreshPlugins (0ms)
				BeforeProcessingInitializeOnLoad (2ms)
				ProcessInitializeOnLoadAttributes (281ms)
				ProcessInitializeOnLoadMethodAttributes (96ms)
				AfterProcessingInitializeOnLoad (0ms)
				EditorAssembliesLoaded (0ms)
			ExecutionOrderSort2 (0ms)
			AwakeInstancesAfterBackupRestoration (0ms)
========================================================================
Worker process is ready to serve import requests
Begin MonoManager ReloadAssembly
Symbol file LoadedFromMemory doesn't match image C:\Users\тс\OneDrive\Документы\GitHub\Alien_shooter\Alien shooter\Library\PackageCache\com.unity.visualscripting@1.8.0\Editor\VisualScripting.Core\Dependencies\YamlDotNet\Unity.VisualScripting.YamlDotNet.dll
Symbol file LoadedFromMemory doesn't match image C:\Users\тс\OneDrive\Документы\GitHub\Alien_shooter\Alien shooter\Library\PackageCache\com.unity.visualscripting@1.8.0\Editor\VisualScripting.Core\Dependencies\DotNetZip\Unity.VisualScripting.IonicZip.dll
- Loaded All Assemblies, in  1.687 seconds
Refreshing native plugins compatible for Editor in 7.61 ms, found 3 plugins.
Native extension for WindowsStandalone target not found
Native extension for WebGL target not found
Mono: successfully reloaded assembly
- Finished resetting the current domain, in  0.983 seconds
Domain Reload Profiling:
	ReloadAssembly (434ms)
		BeginReloadAssembly (253ms)
			ExecutionOrderSort (0ms)
			DisableScriptedObjects (11ms)
			BackupInstance (0ms)
			ReleaseScriptingObjects (0ms)
			CreateAndSetChildDomain (36ms)
		LoadAllAssembliesAndSetupDomain (1244ms)
			LoadAssemblies (757ms)
			RebuildTransferFunctionScriptingTraits (0ms)
			SetupTypeCache (613ms)
				TypeCache.Initialize (579ms)
					TypeCache.ScanAssembly (570ms)
				ResolveRequiredComponents (8ms)
		FinalizeReload (0ms)
			ReleaseScriptCaches (0ms)
			RebuildScriptCaches (0ms)
			SetupLoadedEditorAssemblies (675ms)
				LogAssemblyErrors (0ms)
				InitializePlatformSupportModulesInManaged (17ms)
				SetLoadedEditorAssemblies (7ms)
				RefreshPlugins (0ms)
				BeforeProcessingInitializeOnLoad (115ms)
				ProcessInitializeOnLoadAttributes (490ms)
				ProcessInitializeOnLoadMethodAttributes (31ms)
				AfterProcessingInitializeOnLoad (15ms)
				EditorAssembliesLoaded (0ms)
			ExecutionOrderSort2 (0ms)
			AwakeInstancesAfterBackupRestoration (10ms)
Launched and connected shader compiler UnityShaderCompiler.exe after 0.07 seconds
Refreshing native plugins compatible for Editor in 11.19 ms, found 3 plugins.
Preloading 0 native plugins for Editor in 0.00 ms.
Unloading 3066 Unused Serialized files (Serialized files now loaded: 0)
Unloading 31 unused Assets / (66.4 KB). Loaded Objects now: 3532.
Memory consumption went from 108.5 MB to 108.4 MB.
Total: 5.518800 ms (FindLiveObjects: 0.426900 ms CreateObjectMapping: 0.379800 ms MarkObjects: 4.562100 ms  DeleteObjects: 0.149000 ms)

AssetImportParameters requested are different than current active one (requested -> active):
  custom:container-demuxer-ogg: 62fdf1f143b41e24485cea50d1cbac27 -> 
  custom:video-decoder-ogg-theora: a1e56fd34408186e4bbccfd4996cb3dc -> 
  custom:framework-win-MediaFoundation: 216162199b28c13a410421893ffa2e32 -> 
  custom:container-demuxer-webm: 4f35f7cbe854078d1ac9338744f61a02 -> 
  custom:container-muxer-webm: aa71ff27fc2769a1b78a27578f13a17b -> 
  custom:video-decoder-webm-vp8: 9c59270c3fd7afecdb556c50c9e8de78 -> 
  custom:AudioImporter_EditorPlatform: d09bf68614088b80899f8185d706f6e7 -> 
  custom:video-encoder-webm-vp8: eb34c28f22e8b96e1ab97ce403110664 -> 
  custom:audio-decoder-ogg-vorbis: bf7c407c2cedff20999df2af8eb42d56 -> 
  custom:audio-encoder-webm-vorbis: bf7c407c2cedff20999df2af8eb42d56 -> 
========================================================================
Received Import Request.
  Time since last request: 51396.869775 seconds.
  path: Assets/Scenes/UI
  artifactKey: Guid(a14fafd74da85ac458828a91b4122157) Importer(815301076,1909f56bfc062723c751e8b465ee728b)
Start importing Assets/Scenes/UI using Guid(a14fafd74da85ac458828a91b4122157) Importer(815301076,1909f56bfc062723c751e8b465ee728b)  -> (artifact id: 'e4ec36fbb6e33ad689429b1335271012') in 0.004296 seconds 
Number of updated asset objects reloaded before import = 0
Number of asset objects unloaded after import = 0
========================================================================
Received Import Request.
  Time since last request: 65.659588 seconds.
  path: Assets/Scenes/Skybox/Materials/Skybox_BluePinkNebular.mat
  artifactKey: Guid(27d6f0bfecd1a964aa15a996e0efe0be) Importer(815301076,1909f56bfc062723c751e8b465ee728b)
Start importing Assets/Scenes/Skybox/Materials/Skybox_BluePinkNebular.mat using Guid(27d6f0bfecd1a964aa15a996e0efe0be) Importer(815301076,1909f56bfc062723c751e8b465ee728b)  -> (artifact id: 'fe3ace5f063b7d8b4857fe5ce5b2c56b') in 1.507422 seconds 
Number of updated asset objects reloaded before import = 0
Number of asset objects unloaded after import = 7
========================================================================
Received Import Request.
  Time since last request: 28.843410 seconds.
  path: Assets/Scenes/Skybox/Materials/Skybox_BluePinkNebular.mat
  artifactKey: Guid(27d6f0bfecd1a964aa15a996e0efe0be) Importer(815301076,1909f56bfc062723c751e8b465ee728b)
Start importing Assets/Scenes/Skybox/Materials/Skybox_BluePinkNebular.mat using Guid(27d6f0bfecd1a964aa15a996e0efe0be) Importer(815301076,1909f56bfc062723c751e8b465ee728b)  -> (artifact id: '8f158931f96d9f47a83ad839715129ab') in 0.038210 seconds 
Number of updated asset objects reloaded before import = 0
Number of asset objects unloaded after import = 1
========================================================================
Received Import Request.
  Time since last request: 13.666442 seconds.
  path: Assets/Scenes/Skybox/Skybox_BlueNebular_Textures/BlueNebular_bottom.jpg
  artifactKey: Guid(17fcb2224992b3f449ea4b99c3814453) Importer(815301076,1909f56bfc062723c751e8b465ee728b)
Start importing Assets/Scenes/Skybox/Skybox_BlueNebular_Textures/BlueNebular_bottom.jpg using Guid(17fcb2224992b3f449ea4b99c3814453) Importer(815301076,1909f56bfc062723c751e8b465ee728b)  -> (artifact id: '63bbdee8a1911c8a2d954c6927469e14') in 0.246182 seconds 
Number of updated asset objects reloaded before import = 0
Number of asset objects unloaded after import = 2
========================================================================
Received Import Request.
  Time since last request: 0.000033 seconds.
  path: Assets/Scenes/Skybox/Skybox_BlueNebular_Textures/BlueNebular_left.jpg
  artifactKey: Guid(0c2aaf64762c5454f8ca8b7216756e8b) Importer(815301076,1909f56bfc062723c751e8b465ee728b)
Start importing Assets/Scenes/Skybox/Skybox_BlueNebular_Textures/BlueNebular_left.jpg using Guid(0c2aaf64762c5454f8ca8b7216756e8b) Importer(815301076,1909f56bfc062723c751e8b465ee728b)  -> (artifact id: 'b8c0c4cef8035460ea8aecc09ded27f5') in 0.087580 seconds 
Number of updated asset objects reloaded before import = 0
Number of asset objects unloaded after import = 2
========================================================================
Received Import Request.
  Time since last request: 0.000127 seconds.
  path: Assets/Scenes/Skybox/Skybox_BlueNebular_Textures/BlueNebular_top.jpg
  artifactKey: Guid(4c8f456e2d0c35c45857484a873baead) Importer(815301076,1909f56bfc062723c751e8b465ee728b)
Start importing Assets/Scenes/Skybox/Skybox_BlueNebular_Textures/BlueNebular_top.jpg using Guid(4c8f456e2d0c35c45857484a873baead) Importer(815301076,1909f56bfc062723c751e8b465ee728b)  -> (artifact id: 'c982c9d2e1f69f2214e630a533239441') in 0.085183 seconds 
Number of updated asset objects reloaded before import = 0
Number of asset objects unloaded after import = 2
========================================================================
Received Import Request.
  Time since last request: 109.010264 seconds.
  path: Assets/#OnePotatoKingdom_FULL/Materials/Materials/Alien/Alien_Designs1/Mountain_Alien.mat
  artifactKey: Guid(04ce7cb5dcbf3bb42bd60eeade0ee6f4) Importer(815301076,1909f56bfc062723c751e8b465ee728b)
Start importing Assets/#OnePotatoKingdom_FULL/Materials/Materials/Alien/Alien_Designs1/Mountain_Alien.mat using Guid(04ce7cb5dcbf3bb42bd60eeade0ee6f4) Importer(815301076,1909f56bfc062723c751e8b465ee728b)  -> (artifact id: '333a7d2f84468267753ba0354b8edb16') in 0.073494 seconds 
Number of updated asset objects reloaded before import = 0
Number of asset objects unloaded after import = 1
========================================================================
Received Import Request.
  Time since last request: 14.616193 seconds.
  path: Assets/#OnePotatoKingdom_FULL/Models/#Planets/Alien/Alien_Designs1/Alien_Design1.obj
  artifactKey: Guid(3ae7e27fa6c3db840ab4795971ef6fa3) Importer(815301076,1909f56bfc062723c751e8b465ee728b)
Start importing Assets/#OnePotatoKingdom_FULL/Models/#Planets/Alien/Alien_Designs1/Alien_Design1.obj using Guid(3ae7e27fa6c3db840ab4795971ef6fa3) Importer(815301076,1909f56bfc062723c751e8b465ee728b)  -> (artifact id: '47f4a18a2a599622a14d0388ea18f97a') in 0.103616 seconds 
Number of updated asset objects reloaded before import = 0
Number of asset objects unloaded after import = 10
========================================================================
Received Import Request.
  Time since last request: 11.811578 seconds.
  path: Assets/#OnePotatoKingdom_FULL/Prefabs/#Planets/Frozen/Frozen_Design2.prefab
  artifactKey: Guid(b0a73e76fe755ec4f9ab19fee27984d8) Importer(815301076,1909f56bfc062723c751e8b465ee728b)
Start importing Assets/#OnePotatoKingdom_FULL/Prefabs/#Planets/Frozen/Frozen_Design2.prefab using Guid(b0a73e76fe755ec4f9ab19fee27984d8) Importer(815301076,1909f56bfc062723c751e8b465ee728b)  -> (artifact id: 'c06c50f4ed90b077fc2d907d119f21bd') in 0.053790 seconds 
Number of updated asset objects reloaded before import = 0
Number of asset objects unloaded after import = 10
========================================================================
Received Import Request.
  Time since last request: 0.000023 seconds.
  path: Assets/#OnePotatoKingdom_FULL/Prefabs/#Planets/Frozen/Frozen_Design5.prefab
  artifactKey: Guid(c350756d8bf39d04887ced2ff01c9550) Importer(815301076,1909f56bfc062723c751e8b465ee728b)
Start importing Assets/#OnePotatoKingdom_FULL/Prefabs/#Planets/Frozen/Frozen_Design5.prefab using Guid(c350756d8bf39d04887ced2ff01c9550) Importer(815301076,1909f56bfc062723c751e8b465ee728b)  -> (artifact id: 'b594f62ffd5dc3a80e04f52fa97973cd') in 0.048404 seconds 
Number of updated asset objects reloaded before import = 0
Number of asset objects unloaded after import = 10
========================================================================
Received Import Request.
  Time since last request: 4.058440 seconds.
  path: Assets/#OnePotatoKingdom_FULL/Prefabs/#Planets/Tundra/Tundra_Design2.prefab
  artifactKey: Guid(eae9621b053642946945a85587e01aa8) Importer(815301076,1909f56bfc062723c751e8b465ee728b)
Start importing Assets/#OnePotatoKingdom_FULL/Prefabs/#Planets/Tundra/Tundra_Design2.prefab using Guid(eae9621b053642946945a85587e01aa8) Importer(815301076,1909f56bfc062723c751e8b465ee728b)  -> (artifact id: 'c28d2f667c7095ee5e29216c744798b3') in 0.048842 seconds 
Number of updated asset objects reloaded before import = 0
Number of asset objects unloaded after import = 10
========================================================================
Received Import Request.
  Time since last request: 0.000050 seconds.
  path: Assets/#OnePotatoKingdom_FULL/Prefabs/#Planets/Tundra/Tundra_Design3.prefab
  artifactKey: Guid(4d255955e3a764a45a48e9945aa2adf9) Importer(815301076,1909f56bfc062723c751e8b465ee728b)
Start importing Assets/#OnePotatoKingdom_FULL/Prefabs/#Planets/Tundra/Tundra_Design3.prefab using Guid(4d255955e3a764a45a48e9945aa2adf9) Importer(815301076,1909f56bfc062723c751e8b465ee728b)  -> (artifact id: 'e5faa480d78f6ba7d75188b510a72f11') in 0.039100 seconds 
Number of updated asset objects reloaded before import = 0
Number of asset objects unloaded after import = 10
========================================================================
Received Import Request.
  Time since last request: 0.000042 seconds.
  path: Assets/#OnePotatoKingdom_FULL/Prefabs/#Planets/Tundra/Tundra_Design4.prefab
  artifactKey: Guid(8847ff7f8a6047d42b63cd0818890f75) Importer(815301076,1909f56bfc062723c751e8b465ee728b)
Start importing Assets/#OnePotatoKingdom_FULL/Prefabs/#Planets/Tundra/Tundra_Design4.prefab using Guid(8847ff7f8a6047d42b63cd0818890f75) Importer(815301076,1909f56bfc062723c751e8b465ee728b)  -> (artifact id: 'f11a6d429842068b87bb1ffe7f1ec8fa') in 0.026110 seconds 
Number of updated asset objects reloaded before import = 0
Number of asset objects unloaded after import = 10
========================================================================
Received Import Request.
  Time since last request: 5.424103 seconds.
  path: Assets/#OnePotatoKingdom_FULL/Prefabs/#Planets/Earth-Like/Earth-Like_Design2.prefab
  artifactKey: Guid(5d96a9eefbf88da4cb50cebe1010aecb) Importer(815301076,1909f56bfc062723c751e8b465ee728b)
Start importing Assets/#OnePotatoKingdom_FULL/Prefabs/#Planets/Earth-Like/Earth-Like_Design2.prefab using Guid(5d96a9eefbf88da4cb50cebe1010aecb) Importer(815301076,1909f56bfc062723c751e8b465ee728b)  -> (artifact id: 'dd36c144e67218d48598d6cd25202a89') in 0.052658 seconds 
Number of updated asset objects reloaded before import = 0
Number of asset objects unloaded after import = 12
========================================================================
Received Import Request.
  Time since last request: 0.000065 seconds.
  path: Assets/#OnePotatoKingdom_FULL/Prefabs/#Planets/Earth-Like/Earth-Like_Design4.prefab
  artifactKey: Guid(c688e15528d67164aa3a3dcfc065ddf2) Importer(815301076,1909f56bfc062723c751e8b465ee728b)
Start importing Assets/#OnePotatoKingdom_FULL/Prefabs/#Planets/Earth-Like/Earth-Like_Design4.prefab using Guid(c688e15528d67164aa3a3dcfc065ddf2) Importer(815301076,1909f56bfc062723c751e8b465ee728b)  -> (artifact id: 'c04e27a3f01a6345fb35a129f85c7cf4') in 0.049079 seconds 
Number of updated asset objects reloaded before import = 0
Number of asset objects unloaded after import = 12
========================================================================
Received Import Request.
  Time since last request: 0.000031 seconds.
  path: Assets/#OnePotatoKingdom_FULL/Prefabs/#Planets/Earth-Like/Earth-Like_Design9.prefab
  artifactKey: Guid(12408eb639a7b70469e50bce4bfcc605) Importer(815301076,1909f56bfc062723c751e8b465ee728b)
Start importing Assets/#OnePotatoKingdom_FULL/Prefabs/#Planets/Earth-Like/Earth-Like_Design9.prefab using Guid(12408eb639a7b70469e50bce4bfcc605) Importer(815301076,1909f56bfc062723c751e8b465ee728b)  -> (artifact id: 'e0f5585c8dede3bb24f3618f56d0a1b3') in 0.028436 seconds 
Number of updated asset objects reloaded before import = 0
Number of asset objects unloaded after import = 12
========================================================================
Received Import Request.
  Time since last request: 0.000024 seconds.
  path: Assets/#OnePotatoKingdom_FULL/Prefabs/#Planets/Earth-Like/Earth-Like_Design5.prefab
  artifactKey: Guid(2aca12bac1558f644b83061be3705ffc) Importer(815301076,1909f56bfc062723c751e8b465ee728b)
Start importing Assets/#OnePotatoKingdom_FULL/Prefabs/#Planets/Earth-Like/Earth-Like_Design5.prefab using Guid(2aca12bac1558f644b83061be3705ffc) Importer(815301076,1909f56bfc062723c751e8b465ee728b)  -> (artifact id: 'fe01dd995fe2f84e75a0a02ca5ad7a83') in 0.026287 seconds 
Number of updated asset objects reloaded before import = 0
Number of asset objects unloaded after import = 12
========================================================================
Received Import Request.
  Time since last request: 0.000045 seconds.
  path: Assets/#OnePotatoKingdom_FULL/Prefabs/#Planets/Earth-Like/Earth-Like_Design8.prefab
  artifactKey: Guid(aaebea5bc8c4d7245ac69a70ff70a057) Importer(815301076,1909f56bfc062723c751e8b465ee728b)
Start importing Assets/#OnePotatoKingdom_FULL/Prefabs/#Planets/Earth-Like/Earth-Like_Design8.prefab using Guid(aaebea5bc8c4d7245ac69a70ff70a057) Importer(815301076,1909f56bfc062723c751e8b465ee728b)  -> (artifact id: '253eeb5d6bd8837e8c689b85c0ba5a1a') in 0.026094 seconds 
Number of updated asset objects reloaded before import = 0
Number of asset objects unloaded after import = 12
========================================================================
Received Import Request.
  Time since last request: 2.075745 seconds.
  path: Assets/#OnePotatoKingdom_FULL/Prefabs/#Planets/Desert/Desert_Design2.prefab
  artifactKey: Guid(7ded786f373b83b47b63f3a92f180f4b) Importer(815301076,1909f56bfc062723c751e8b465ee728b)
Start importing Assets/#OnePotatoKingdom_FULL/Prefabs/#Planets/Desert/Desert_Design2.prefab using Guid(7ded786f373b83b47b63f3a92f180f4b) Importer(815301076,1909f56bfc062723c751e8b465ee728b)  -> (artifact id: '94ae40b36bdb9f154604c791e8931350') in 0.030266 seconds 
Number of updated asset objects reloaded before import = 0
Number of asset objects unloaded after import = 10
========================================================================
Received Import Request.
  Time since last request: 0.000019 seconds.
  path: Assets/#OnePotatoKingdom_FULL/Prefabs/#Planets/Desert/Desert_Design4.prefab
  artifactKey: Guid(f8472f4c6d399054381aa6f2692c89ef) Importer(815301076,1909f56bfc062723c751e8b465ee728b)
Start importing Assets/#OnePotatoKingdom_FULL/Prefabs/#Planets/Desert/Desert_Design4.prefab using Guid(f8472f4c6d399054381aa6f2692c89ef) Importer(815301076,1909f56bfc062723c751e8b465ee728b)  -> (artifact id: '2d7f5b5a13d82702c4ab83a8ebd247ec') in 0.018373 seconds 
Number of updated asset objects reloaded before import = 0
Number of asset objects unloaded after import = 10
========================================================================
Received Import Request.
  Time since last request: 0.000027 seconds.
  path: Assets/#OnePotatoKingdom_FULL/Prefabs/#Planets/Desert/Desert_Design5.prefab
  artifactKey: Guid(b3a5d11ab20d2cc4dad9237f39ede68e) Importer(815301076,1909f56bfc062723c751e8b465ee728b)
Start importing Assets/#OnePotatoKingdom_FULL/Prefabs/#Planets/Desert/Desert_Design5.prefab using Guid(b3a5d11ab20d2cc4dad9237f39ede68e) Importer(815301076,1909f56bfc062723c751e8b465ee728b)  -> (artifact id: 'ffcab3612010213af72a68f705a11a1f') in 0.020149 seconds 
Number of updated asset objects reloaded before import = 0
Number of asset objects unloaded after import = 10
========================================================================
Received Import Request.
  Time since last request: 4.576250 seconds.
  path: Assets/#OnePotatoKingdom_FULL/Prefabs/#Planets/Alien/Alien_Design2.prefab
  artifactKey: Guid(177ffad0c8fd19146974e0fbc8614e5f) Importer(815301076,1909f56bfc062723c751e8b465ee728b)
Start importing Assets/#OnePotatoKingdom_FULL/Prefabs/#Planets/Alien/Alien_Design2.prefab using Guid(177ffad0c8fd19146974e0fbc8614e5f) Importer(815301076,1909f56bfc062723c751e8b465ee728b)  -> (artifact id: '251c68d1958fb4059de7cb91c7e7f264') in 0.034219 seconds 
Number of updated asset objects reloaded before import = 0
Number of asset objects unloaded after import = 10
========================================================================
Received Import Request.
  Time since last request: 0.000024 seconds.
  path: Assets/#OnePotatoKingdom_FULL/Prefabs/#Planets/Alien/Alien_Design3.prefab
  artifactKey: Guid(35c657ffa86d2924096e6be497fcf15f) Importer(815301076,1909f56bfc062723c751e8b465ee728b)
Start importing Assets/#OnePotatoKingdom_FULL/Prefabs/#Planets/Alien/Alien_Design3.prefab using Guid(35c657ffa86d2924096e6be497fcf15f) Importer(815301076,1909f56bfc062723c751e8b465ee728b)  -> (artifact id: '46d43f1c5d06085fde2c5d72d9ee0294') in 0.045195 seconds 
Number of updated asset objects reloaded before import = 0
Number of asset objects unloaded after import = 10
========================================================================
Received Import Request.
  Time since last request: 0.000036 seconds.
  path: Assets/#OnePotatoKingdom_FULL/Prefabs/#Planets/Alien/Alien_Design5.prefab
  artifactKey: Guid(3860d73fb76918c4fa7db82eaf6adf87) Importer(815301076,1909f56bfc062723c751e8b465ee728b)
Start importing Assets/#OnePotatoKingdom_FULL/Prefabs/#Planets/Alien/Alien_Design5.prefab using Guid(3860d73fb76918c4fa7db82eaf6adf87) Importer(815301076,1909f56bfc062723c751e8b465ee728b)  -> (artifact id: 'f3df68e322adebeee55eef9111dcb229') in 0.026816 seconds 
Number of updated asset objects reloaded before import = 0
Number of asset objects unloaded after import = 10
========================================================================
Received Import Request.
  Time since last request: 0.000025 seconds.
  path: Assets/#OnePotatoKingdom_FULL/Prefabs/#Planets/Alien/Alien_Design10.prefab
  artifactKey: Guid(505b156f1d918904d8ceb2e881516da8) Importer(815301076,1909f56bfc062723c751e8b465ee728b)
Start importing Assets/#OnePotatoKingdom_FULL/Prefabs/#Planets/Alien/Alien_Design10.prefab using Guid(505b156f1d918904d8ceb2e881516da8) Importer(815301076,1909f56bfc062723c751e8b465ee728b)  -> (artifact id: '7c1fdd00e7f2d2ce236d472011e4cb89') in 0.025749 seconds 
Number of updated asset objects reloaded before import = 0
Number of asset objects unloaded after import = 10
========================================================================
Received Import Request.
  Time since last request: 0.000031 seconds.
  path: Assets/#OnePotatoKingdom_FULL/Prefabs/#Planets/Alien/Alien_Design9.prefab
  artifactKey: Guid(94c8df80853fd654282747f0a617048c) Importer(815301076,1909f56bfc062723c751e8b465ee728b)
Start importing Assets/#OnePotatoKingdom_FULL/Prefabs/#Planets/Alien/Alien_Design9.prefab using Guid(94c8df80853fd654282747f0a617048c) Importer(815301076,1909f56bfc062723c751e8b465ee728b)  -> (artifact id: 'bee095776980a2b611b8ee2aad286dea') in 0.023840 seconds 
Number of updated asset objects reloaded before import = 0
Number of asset objects unloaded after import = 10
========================================================================
Received Prepare
Begin MonoManager ReloadAssembly
Symbol file LoadedFromMemory doesn't match image C:\Users\тс\OneDrive\Документы\GitHub\Alien_shooter\Alien shooter\Library\PackageCache\com.unity.visualscripting@1.8.0\Editor\VisualScripting.Core\Dependencies\YamlDotNet\Unity.VisualScripting.YamlDotNet.dll
Symbol file LoadedFromMemory doesn't match image C:\Users\тс\OneDrive\Документы\GitHub\Alien_shooter\Alien shooter\Library\PackageCache\com.unity.visualscripting@1.8.0\Editor\VisualScripting.Core\Dependencies\DotNetZip\Unity.VisualScripting.IonicZip.dll
- Loaded All Assemblies, in  1.416 seconds
Refreshing native plugins compatible for Editor in 8.83 ms, found 3 plugins.
Native extension for WindowsStandalone target not found
Native extension for WebGL target not found
Mono: successfully reloaded assembly
- Finished resetting the current domain, in  2.816 seconds
Domain Reload Profiling:
	ReloadAssembly (398ms)
		BeginReloadAssembly (257ms)
			ExecutionOrderSort (0ms)
			DisableScriptedObjects (8ms)
			BackupInstance (0ms)
			ReleaseScriptingObjects (0ms)
			CreateAndSetChildDomain (60ms)
		LoadAllAssembliesAndSetupDomain (1014ms)
			LoadAssemblies (622ms)
			RebuildTransferFunctionScriptingTraits (0ms)
			SetupTypeCache (522ms)
				TypeCache.Initialize (514ms)
					TypeCache.ScanAssembly (501ms)
				ResolveRequiredComponents (8ms)
		FinalizeReload (0ms)
			ReleaseScriptCaches (0ms)
			RebuildScriptCaches (0ms)
			SetupLoadedEditorAssemblies (563ms)
				LogAssemblyErrors (0ms)
				InitializePlatformSupportModulesInManaged (15ms)
				SetLoadedEditorAssemblies (7ms)
				RefreshPlugins (0ms)
				BeforeProcessingInitializeOnLoad (107ms)
				ProcessInitializeOnLoadAttributes (384ms)
				ProcessInitializeOnLoadMethodAttributes (34ms)
				AfterProcessingInitializeOnLoad (16ms)
				EditorAssembliesLoaded (0ms)
			ExecutionOrderSort2 (0ms)
			AwakeInstancesAfterBackupRestoration (11ms)
Refreshing native plugins compatible for Editor in 14.06 ms, found 3 plugins.
Preloading 0 native plugins for Editor in 0.00 ms.
Unloading 3058 Unused Serialized files (Serialized files now loaded: 0)
Unloading 22 unused Assets / (30.5 KB). Loaded Objects now: 3580.
Memory consumption went from 112.6 MB to 112.6 MB.
Total: 6.404700 ms (FindLiveObjects: 0.649600 ms CreateObjectMapping: 0.678400 ms MarkObjects: 4.934200 ms  DeleteObjects: 0.140600 ms)

Prepare: number of updated asset objects reloaded= 0
AssetImportParameters requested are different than current active one (requested -> active):
  custom:container-demuxer-ogg: 62fdf1f143b41e24485cea50d1cbac27 -> 
  custom:video-decoder-ogg-theora: a1e56fd34408186e4bbccfd4996cb3dc -> 
  custom:framework-win-MediaFoundation: 216162199b28c13a410421893ffa2e32 -> 
  custom:container-demuxer-webm: 4f35f7cbe854078d1ac9338744f61a02 -> 
  custom:container-muxer-webm: aa71ff27fc2769a1b78a27578f13a17b -> 
  custom:video-decoder-webm-vp8: 9c59270c3fd7afecdb556c50c9e8de78 -> 
  custom:AudioImporter_EditorPlatform: d09bf68614088b80899f8185d706f6e7 -> 
  custom:video-encoder-webm-vp8: eb34c28f22e8b96e1ab97ce403110664 -> 
  custom:audio-decoder-ogg-vorbis: bf7c407c2cedff20999df2af8eb42d56 -> 
  custom:audio-encoder-webm-vorbis: bf7c407c2cedff20999df2af8eb42d56 -> 
========================================================================
Received Prepare
Begin MonoManager ReloadAssembly
Symbol file LoadedFromMemory doesn't match image C:\Users\тс\OneDrive\Документы\GitHub\Alien_shooter\Alien shooter\Library\PackageCache\com.unity.visualscripting@1.8.0\Editor\VisualScripting.Core\Dependencies\YamlDotNet\Unity.VisualScripting.YamlDotNet.dll
Symbol file LoadedFromMemory doesn't match image C:\Users\тс\OneDrive\Документы\GitHub\Alien_shooter\Alien shooter\Library\PackageCache\com.unity.visualscripting@1.8.0\Editor\VisualScripting.Core\Dependencies\DotNetZip\Unity.VisualScripting.IonicZip.dll
- Loaded All Assemblies, in  1.310 seconds
Refreshing native plugins compatible for Editor in 7.20 ms, found 3 plugins.
Native extension for WindowsStandalone target not found
Native extension for WebGL target not found
Mono: successfully reloaded assembly
- Finished resetting the current domain, in  1.598 seconds
Domain Reload Profiling:
	ReloadAssembly (369ms)
		BeginReloadAssembly (235ms)
			ExecutionOrderSort (0ms)
			DisableScriptedObjects (10ms)
			BackupInstance (0ms)
			ReleaseScriptingObjects (0ms)
			CreateAndSetChildDomain (48ms)
		LoadAllAssembliesAndSetupDomain (934ms)
			LoadAssemblies (548ms)
			RebuildTransferFunctionScriptingTraits (0ms)
			SetupTypeCache (506ms)
				TypeCache.Initialize (496ms)
					TypeCache.ScanAssembly (485ms)
				ResolveRequiredComponents (10ms)
		FinalizeReload (0ms)
			ReleaseScriptCaches (0ms)
			RebuildScriptCaches (0ms)
			SetupLoadedEditorAssemblies (588ms)
				LogAssemblyErrors (0ms)
				InitializePlatformSupportModulesInManaged (16ms)
				SetLoadedEditorAssemblies (8ms)
				RefreshPlugins (0ms)
				BeforeProcessingInitializeOnLoad (110ms)
				ProcessInitializeOnLoadAttributes (408ms)
				ProcessInitializeOnLoadMethodAttributes (30ms)
				AfterProcessingInitializeOnLoad (16ms)
				EditorAssembliesLoaded (0ms)
			ExecutionOrderSort2 (0ms)
			AwakeInstancesAfterBackupRestoration (9ms)
Refreshing native plugins compatible for Editor in 15.93 ms, found 3 plugins.
Preloading 0 native plugins for Editor in 0.00 ms.
Unloading 3059 Unused Serialized files (Serialized files now loaded: 0)
Unloading 22 unused Assets / (37.9 KB). Loaded Objects now: 3583.
Memory consumption went from 112.9 MB to 112.8 MB.
Total: 10.054500 ms (FindLiveObjects: 1.163500 ms CreateObjectMapping: 0.734600 ms MarkObjects: 7.650000 ms  DeleteObjects: 0.504400 ms)

Prepare: number of updated asset objects reloaded= 0
AssetImportParameters requested are different than current active one (requested -> active):
  custom:container-demuxer-ogg: 62fdf1f143b41e24485cea50d1cbac27 -> 
  custom:video-decoder-ogg-theora: a1e56fd34408186e4bbccfd4996cb3dc -> 
  custom:framework-win-MediaFoundation: 216162199b28c13a410421893ffa2e32 -> 
  custom:container-demuxer-webm: 4f35f7cbe854078d1ac9338744f61a02 -> 
  custom:container-muxer-webm: aa71ff27fc2769a1b78a27578f13a17b -> 
  custom:video-decoder-webm-vp8: 9c59270c3fd7afecdb556c50c9e8de78 -> 
  custom:AudioImporter_EditorPlatform: d09bf68614088b80899f8185d706f6e7 -> 
  custom:video-encoder-webm-vp8: eb34c28f22e8b96e1ab97ce403110664 -> 
  custom:audio-decoder-ogg-vorbis: bf7c407c2cedff20999df2af8eb42d56 -> 
  custom:audio-encoder-webm-vorbis: bf7c407c2cedff20999df2af8eb42d56 -> 
========================================================================
Received Prepare
Begin MonoManager ReloadAssembly
Symbol file LoadedFromMemory doesn't match image C:\Users\тс\OneDrive\Документы\GitHub\Alien_shooter\Alien shooter\Library\PackageCache\com.unity.visualscripting@1.8.0\Editor\VisualScripting.Core\Dependencies\YamlDotNet\Unity.VisualScripting.YamlDotNet.dll
Symbol file LoadedFromMemory doesn't match image C:\Users\тс\OneDrive\Документы\GitHub\Alien_shooter\Alien shooter\Library\PackageCache\com.unity.visualscripting@1.8.0\Editor\VisualScripting.Core\Dependencies\DotNetZip\Unity.VisualScripting.IonicZip.dll
- Loaded All Assemblies, in  1.217 seconds
Refreshing native plugins compatible for Editor in 9.76 ms, found 3 plugins.
Native extension for WindowsStandalone target not found
Native extension for WebGL target not found
Mono: successfully reloaded assembly
- Finished resetting the current domain, in  1.509 seconds
Domain Reload Profiling:
	ReloadAssembly (366ms)
		BeginReloadAssembly (231ms)
			ExecutionOrderSort (0ms)
			DisableScriptedObjects (8ms)
			BackupInstance (0ms)
			ReleaseScriptingObjects (0ms)
			CreateAndSetChildDomain (49ms)
		LoadAllAssembliesAndSetupDomain (845ms)
			LoadAssemblies (460ms)
			RebuildTransferFunctionScriptingTraits (0ms)
			SetupTypeCache (502ms)
				TypeCache.Initialize (495ms)
					TypeCache.ScanAssembly (485ms)
				ResolveRequiredComponents (7ms)
		FinalizeReload (0ms)
			ReleaseScriptCaches (0ms)
			RebuildScriptCaches (0ms)
			SetupLoadedEditorAssemblies (577ms)
				LogAssemblyErrors (0ms)
				InitializePlatformSupportModulesInManaged (14ms)
				SetLoadedEditorAssemblies (7ms)
				RefreshPlugins (0ms)
				BeforeProcessingInitializeOnLoad (112ms)
				ProcessInitializeOnLoadAttributes (388ms)
				ProcessInitializeOnLoadMethodAttributes (37ms)
				AfterProcessingInitializeOnLoad (18ms)
				EditorAssembliesLoaded (0ms)
			ExecutionOrderSort2 (0ms)
			AwakeInstancesAfterBackupRestoration (12ms)
Refreshing native plugins compatible for Editor in 11.83 ms, found 3 plugins.
Preloading 0 native plugins for Editor in 0.00 ms.
Unloading 3059 Unused Serialized files (Serialized files now loaded: 0)
Unloading 22 unused Assets / (37.9 KB). Loaded Objects now: 3586.
Memory consumption went from 112.9 MB to 112.8 MB.
Total: 6.309400 ms (FindLiveObjects: 0.571000 ms CreateObjectMapping: 0.554700 ms MarkObjects: 5.113800 ms  DeleteObjects: 0.068500 ms)

Prepare: number of updated asset objects reloaded= 0
AssetImportParameters requested are different than current active one (requested -> active):
  custom:container-demuxer-ogg: 62fdf1f143b41e24485cea50d1cbac27 -> 
  custom:video-decoder-ogg-theora: a1e56fd34408186e4bbccfd4996cb3dc -> 
  custom:framework-win-MediaFoundation: 216162199b28c13a410421893ffa2e32 -> 
  custom:container-demuxer-webm: 4f35f7cbe854078d1ac9338744f61a02 -> 
  custom:container-muxer-webm: aa71ff27fc2769a1b78a27578f13a17b -> 
  custom:video-decoder-webm-vp8: 9c59270c3fd7afecdb556c50c9e8de78 -> 
  custom:AudioImporter_EditorPlatform: d09bf68614088b80899f8185d706f6e7 -> 
  custom:video-encoder-webm-vp8: eb34c28f22e8b96e1ab97ce403110664 -> 
  custom:audio-decoder-ogg-vorbis: bf7c407c2cedff20999df2af8eb42d56 -> 
  custom:audio-encoder-webm-vorbis: bf7c407c2cedff20999df2af8eb42d56 -> 
========================================================================
Received Prepare
Begin MonoManager ReloadAssembly
Symbol file LoadedFromMemory doesn't match image C:\Users\тс\OneDrive\Документы\GitHub\Alien_shooter\Alien shooter\Library\PackageCache\com.unity.visualscripting@1.8.0\Editor\VisualScripting.Core\Dependencies\YamlDotNet\Unity.VisualScripting.YamlDotNet.dll
Symbol file LoadedFromMemory doesn't match image C:\Users\тс\OneDrive\Документы\GitHub\Alien_shooter\Alien shooter\Library\PackageCache\com.unity.visualscripting@1.8.0\Editor\VisualScripting.Core\Dependencies\DotNetZip\Unity.VisualScripting.IonicZip.dll
- Loaded All Assemblies, in  1.169 seconds
Refreshing native plugins compatible for Editor in 7.42 ms, found 3 plugins.
Native extension for WindowsStandalone target not found
Native extension for WebGL target not found
Mono: successfully reloaded assembly
- Finished resetting the current domain, in  1.522 seconds
Domain Reload Profiling:
	ReloadAssembly (348ms)
		BeginReloadAssembly (227ms)
			ExecutionOrderSort (0ms)
			DisableScriptedObjects (9ms)
			BackupInstance (0ms)
			ReleaseScriptingObjects (0ms)
			CreateAndSetChildDomain (45ms)
		LoadAllAssembliesAndSetupDomain (816ms)
			LoadAssemblies (430ms)
			RebuildTransferFunctionScriptingTraits (0ms)
			SetupTypeCache (501ms)
				TypeCache.Initialize (495ms)
					TypeCache.ScanAssembly (484ms)
				ResolveRequiredComponents (7ms)
		FinalizeReload (0ms)
			ReleaseScriptCaches (0ms)
			RebuildScriptCaches (0ms)
			SetupLoadedEditorAssemblies (556ms)
				LogAssemblyErrors (0ms)
				InitializePlatformSupportModulesInManaged (16ms)
				SetLoadedEditorAssemblies (8ms)
				RefreshPlugins (0ms)
				BeforeProcessingInitializeOnLoad (112ms)
				ProcessInitializeOnLoadAttributes (366ms)
				ProcessInitializeOnLoadMethodAttributes (35ms)
				AfterProcessingInitializeOnLoad (19ms)
				EditorAssembliesLoaded (0ms)
			ExecutionOrderSort2 (0ms)
			AwakeInstancesAfterBackupRestoration (12ms)
Refreshing native plugins compatible for Editor in 13.29 ms, found 3 plugins.
Preloading 0 native plugins for Editor in 0.00 ms.
Unloading 3059 Unused Serialized files (Serialized files now loaded: 0)
Unloading 22 unused Assets / (37.8 KB). Loaded Objects now: 3589.
Memory consumption went from 112.9 MB to 112.8 MB.
Total: 5.894400 ms (FindLiveObjects: 0.424300 ms CreateObjectMapping: 0.434500 ms MarkObjects: 4.931000 ms  DeleteObjects: 0.103200 ms)

Prepare: number of updated asset objects reloaded= 0
AssetImportParameters requested are different than current active one (requested -> active):
  custom:container-demuxer-ogg: 62fdf1f143b41e24485cea50d1cbac27 -> 
  custom:video-decoder-ogg-theora: a1e56fd34408186e4bbccfd4996cb3dc -> 
  custom:framework-win-MediaFoundation: 216162199b28c13a410421893ffa2e32 -> 
  custom:container-demuxer-webm: 4f35f7cbe854078d1ac9338744f61a02 -> 
  custom:container-muxer-webm: aa71ff27fc2769a1b78a27578f13a17b -> 
  custom:video-decoder-webm-vp8: 9c59270c3fd7afecdb556c50c9e8de78 -> 
  custom:AudioImporter_EditorPlatform: d09bf68614088b80899f8185d706f6e7 -> 
  custom:video-encoder-webm-vp8: eb34c28f22e8b96e1ab97ce403110664 -> 
  custom:audio-decoder-ogg-vorbis: bf7c407c2cedff20999df2af8eb42d56 -> 
  custom:audio-encoder-webm-vorbis: bf7c407c2cedff20999df2af8eb42d56 -> 
========================================================================
Received Prepare
Begin MonoManager ReloadAssembly
Symbol file LoadedFromMemory doesn't match image C:\Users\тс\OneDrive\Документы\GitHub\Alien_shooter\Alien shooter\Library\PackageCache\com.unity.visualscripting@1.8.0\Editor\VisualScripting.Core\Dependencies\YamlDotNet\Unity.VisualScripting.YamlDotNet.dll
Symbol file LoadedFromMemory doesn't match image C:\Users\тс\OneDrive\Документы\GitHub\Alien_shooter\Alien shooter\Library\PackageCache\com.unity.visualscripting@1.8.0\Editor\VisualScripting.Core\Dependencies\DotNetZip\Unity.VisualScripting.IonicZip.dll
- Loaded All Assemblies, in  1.201 seconds
Refreshing native plugins compatible for Editor in 7.08 ms, found 3 plugins.
Native extension for WindowsStandalone target not found
Native extension for WebGL target not found
Mono: successfully reloaded assembly
- Finished resetting the current domain, in  1.531 seconds
Domain Reload Profiling:
	ReloadAssembly (388ms)
		BeginReloadAssembly (268ms)
			ExecutionOrderSort (0ms)
			DisableScriptedObjects (11ms)
			BackupInstance (0ms)
			ReleaseScriptingObjects (0ms)
			CreateAndSetChildDomain (75ms)
		LoadAllAssembliesAndSetupDomain (808ms)
			LoadAssemblies (455ms)
			RebuildTransferFunctionScriptingTraits (0ms)
			SetupTypeCache (470ms)
				TypeCache.Initialize (464ms)
					TypeCache.ScanAssembly (455ms)
				ResolveRequiredComponents (6ms)
		FinalizeReload (0ms)
			ReleaseScriptCaches (0ms)
			RebuildScriptCaches (0ms)
			SetupLoadedEditorAssemblies (533ms)
				LogAssemblyErrors (0ms)
				InitializePlatformSupportModulesInManaged (16ms)
				SetLoadedEditorAssemblies (7ms)
				RefreshPlugins (0ms)
				BeforeProcessingInitializeOnLoad (111ms)
				ProcessInitializeOnLoadAttributes (355ms)
				ProcessInitializeOnLoadMethodAttributes (28ms)
				AfterProcessingInitializeOnLoad (16ms)
				EditorAssembliesLoaded (0ms)
			ExecutionOrderSort2 (0ms)
			AwakeInstancesAfterBackupRestoration (11ms)
Refreshing native plugins compatible for Editor in 10.24 ms, found 3 plugins.
Preloading 0 native plugins for Editor in 0.00 ms.
Unloading 3059 Unused Serialized files (Serialized files now loaded: 0)
Unloading 22 unused Assets / (37.9 KB). Loaded Objects now: 3592.
Memory consumption went from 112.9 MB to 112.9 MB.
Total: 5.309400 ms (FindLiveObjects: 0.517500 ms CreateObjectMapping: 0.377600 ms MarkObjects: 4.312200 ms  DeleteObjects: 0.101000 ms)

Prepare: number of updated asset objects reloaded= 0
AssetImportParameters requested are different than current active one (requested -> active):
  custom:container-demuxer-ogg: 62fdf1f143b41e24485cea50d1cbac27 -> 
  custom:video-decoder-ogg-theora: a1e56fd34408186e4bbccfd4996cb3dc -> 
  custom:framework-win-MediaFoundation: 216162199b28c13a410421893ffa2e32 -> 
  custom:container-demuxer-webm: 4f35f7cbe854078d1ac9338744f61a02 -> 
  custom:container-muxer-webm: aa71ff27fc2769a1b78a27578f13a17b -> 
  custom:video-decoder-webm-vp8: 9c59270c3fd7afecdb556c50c9e8de78 -> 
  custom:AudioImporter_EditorPlatform: d09bf68614088b80899f8185d706f6e7 -> 
  custom:video-encoder-webm-vp8: eb34c28f22e8b96e1ab97ce403110664 -> 
  custom:audio-decoder-ogg-vorbis: bf7c407c2cedff20999df2af8eb42d56 -> 
  custom:audio-encoder-webm-vorbis: bf7c407c2cedff20999df2af8eb42d56 -> 
========================================================================
Received Prepare
Begin MonoManager ReloadAssembly
Symbol file LoadedFromMemory doesn't match image C:\Users\тс\OneDrive\Документы\GitHub\Alien_shooter\Alien shooter\Library\PackageCache\com.unity.visualscripting@1.8.0\Editor\VisualScripting.Core\Dependencies\YamlDotNet\Unity.VisualScripting.YamlDotNet.dll
Symbol file LoadedFromMemory doesn't match image C:\Users\тс\OneDrive\Документы\GitHub\Alien_shooter\Alien shooter\Library\PackageCache\com.unity.visualscripting@1.8.0\Editor\VisualScripting.Core\Dependencies\DotNetZip\Unity.VisualScripting.IonicZip.dll
- Loaded All Assemblies, in  1.785 seconds
Refreshing native plugins compatible for Editor in 8.83 ms, found 3 plugins.
Native extension for WindowsStandalone target not found
Native extension for WebGL target not found
Mono: successfully reloaded assembly
- Finished resetting the current domain, in  2.614 seconds
Domain Reload Profiling:
	ReloadAssembly (561ms)
		BeginReloadAssembly (430ms)
			ExecutionOrderSort (0ms)
			DisableScriptedObjects (24ms)
			BackupInstance (0ms)
			ReleaseScriptingObjects (1ms)
			CreateAndSetChildDomain (190ms)
		LoadAllAssembliesAndSetupDomain (1219ms)
			LoadAssemblies (765ms)
			RebuildTransferFunctionScriptingTraits (0ms)
			SetupTypeCache (579ms)
				TypeCache.Initialize (564ms)
					TypeCache.ScanAssembly (551ms)
				ResolveRequiredComponents (8ms)
		FinalizeReload (0ms)
			ReleaseScriptCaches (0ms)
			RebuildScriptCaches (0ms)
			SetupLoadedEditorAssemblies (642ms)
				LogAssemblyErrors (0ms)
				InitializePlatformSupportModulesInManaged (16ms)
				SetLoadedEditorAssemblies (9ms)
				RefreshPlugins (0ms)
				BeforeProcessingInitializeOnLoad (112ms)
				ProcessInitializeOnLoadAttributes (447ms)
				ProcessInitializeOnLoadMethodAttributes (38ms)
				AfterProcessingInitializeOnLoad (20ms)
				EditorAssembliesLoaded (0ms)
			ExecutionOrderSort2 (0ms)
			AwakeInstancesAfterBackupRestoration (12ms)
Refreshing native plugins compatible for Editor in 10.99 ms, found 3 plugins.
Preloading 0 native plugins for Editor in 0.00 ms.
Unloading 3058 Unused Serialized files (Serialized files now loaded: 0)
Unloading 23 unused Assets / (38.4 KB). Loaded Objects now: 3594.
Memory consumption went from 112.9 MB to 112.8 MB.
Total: 6.925100 ms (FindLiveObjects: 0.498800 ms CreateObjectMapping: 0.610700 ms MarkObjects: 5.726000 ms  DeleteObjects: 0.087800 ms)

Prepare: number of updated asset objects reloaded= 0
AssetImportParameters requested are different than current active one (requested -> active):
  custom:container-demuxer-ogg: 62fdf1f143b41e24485cea50d1cbac27 -> 
  custom:video-decoder-ogg-theora: a1e56fd34408186e4bbccfd4996cb3dc -> 
  custom:framework-win-MediaFoundation: 216162199b28c13a410421893ffa2e32 -> 
  custom:container-demuxer-webm: 4f35f7cbe854078d1ac9338744f61a02 -> 
  custom:container-muxer-webm: aa71ff27fc2769a1b78a27578f13a17b -> 
  custom:video-decoder-webm-vp8: 9c59270c3fd7afecdb556c50c9e8de78 -> 
  custom:AudioImporter_EditorPlatform: d09bf68614088b80899f8185d706f6e7 -> 
  custom:video-encoder-webm-vp8: eb34c28f22e8b96e1ab97ce403110664 -> 
  custom:audio-decoder-ogg-vorbis: bf7c407c2cedff20999df2af8eb42d56 -> 
  custom:audio-encoder-webm-vorbis: bf7c407c2cedff20999df2af8eb42d56 -> 
========================================================================
Received Import Request.
  Time since last request: 738.779986 seconds.
  path: Assets/Scenes/gunsight.png
  artifactKey: Guid(7ffbf7c4d1cddcc44b266089a0182472) Importer(815301076,1909f56bfc062723c751e8b465ee728b)
Start importing Assets/Scenes/gunsight.png using Guid(7ffbf7c4d1cddcc44b266089a0182472) Importer(815301076,1909f56bfc062723c751e8b465ee728b)  -> (artifact id: '424c5b3467f1db89f801fa416e247f61') in 0.170540 seconds 
Number of updated asset objects reloaded before import = 0
Number of asset objects unloaded after import = 3
